<?xml version="1.0" encoding="UTF-8"?>
<testng-results skipped="0" failed="0" ignored="0" total="1" passed="1">
  <reporter-output>
  </reporter-output>
  <suite name="Default suite" duration-ms="1948" started-at="2021-03-28T12:32:06Z" finished-at="2021-03-28T12:32:08Z">
    <groups>
    </groups>
    <test name="Default test" duration-ms="1948" started-at="2021-03-28T12:32:06Z" finished-at="2021-03-28T12:32:08Z">
      <class name="com.qa.Test.RestTest">
        <test-method status="PASS" signature="setUp()[pri:0, instance:com.qa.Test.RestTest@cb5822]" name="setUp" is-config="true" duration-ms="13" started-at="2021-03-28T18:02:06Z" finished-at="2021-03-28T18:02:06Z">
          <reporter-output>
          </reporter-output>
        </test-method> <!-- setUp -->
        <test-method status="PASS" signature="getAPITest()[pri:0, instance:com.qa.Test.RestTest@cb5822]" name="getAPITest" duration-ms="1732" started-at="2021-03-28T18:02:06Z" finished-at="2021-03-28T18:02:08Z">
          <reporter-output>
          </reporter-output>
        </test-method> <!-- getAPITest -->
      </class> <!-- com.qa.Test.RestTest -->
    </test> <!-- Default test -->
  </suite> <!-- Default suite -->
</testng-results>
